Unable to capture context for thread 16060 in process 7464, can not generate back trace
Unable to capture context for thread 4320 in process 7464, can not generate back trace
Unable to capture context for thread 7360 in process 7464, can not generate back trace
Exception at PC 0x00007FF99618BB93
Printing stacktrace...

Unable to capture context for thread 7360 in process 7464, can not generate back trace
Exception at PC 0x00007FFA0EA97788
Exception at PC 0x00007FFA0EA97788
Exception at PC 0x00007FFA0EA97788
Exception at PC 0x00007FFA0EA97788
Exception at PC 0x00007FFA0EA97788
Exception at PC 0x00007FFA0EA97788
Exception at PC 0x00007FFA0EA97788
Exception at PC 0x00007FFA0EA97788
Exception at PC 0x00007FFA0EA97788
Exception at PC 0x00007FFA0EA97788
Exception at PC 0x00007FFA0EA97788
Exception at PC 0x00007FFA0EA97788
Exception at PC 0x00007FFA0EA97788
Exception at PC 0x00007FFA0EA97788
[0]  [0x00007FF99618BB93]
[1]  [0x00007FF99618BB93]
[2]  [0x00007FF99618B4A1]
[3]  [0x00007FF99618B3EF]
[4]  [0x00007FF9961719FE]
[5]  [0x00007FF996170ED1]
[6]  [0x00007FF996170D76]
[7]  [0x00007FF9961179F6]
[8]  [0x00007FF996107AFB]
[9]  [0x00007FF99622E90A]
[10]  [0x00007FF996249F87]
[11]  [0x00007FF99624A05F]
[12] (BaseThreadInitThunk+0x14) [0x00007FFA10668364]
[13] (RtlUserThreadStart+0x21) [0x00007FFA125F70D1]
Done
Exception at PC 0x00007FFA0EA97788
Exception at PC 0x00007FFA0EA97788
Exception at PC 0x00007FFA0EA97788
Exception at PC 0x00007FFA0EA97788
